17:20:52 **** Build of configuration Debug for project ex2 ****
make all 
Building file: ../ex2.c
Invoking: AVR Compiler
avr-gcc -Wall -g2 -gstabs -O0 -fpack-struct -fshort-enums -ffunction-sections -fdata-sections -std=gnu99 -funsigned-char -funsigned-bitfields -mmcu=atmega16 -DF_CPU=1000000UL -MMD -MP -MF"ex2.d" -MT"ex2.o" -c -o "ex2.o" "../ex2.c"
In file included from ../ex2.c:8:
c:/winavr-20100110/lib/gcc/../../avr/include/util/delay.h:90:3: warning: #warning "Compiler optimizations disabled; functions from <util/delay.h> won't work as designed"
Finished building: ../ex2.c
 
Building target: ex2.elf
Invoking: AVR C Linker
avr-gcc -Wl,-Map,ex2.map -mmcu=atmega16 -o "ex2.elf"  ./ex2.o   
Finished building target: ex2.elf
 
Invoking: AVR Create Extended Listing
avr-objdump -h -S ex2.elf  >"ex2.lss"
Finished building: ex2.lss
 
Invoking: Print Size
avr-size --format=avr --mcu=atmega16 ex2.elf
AVR Memory Usage
----------------
Device: atmega16

Program:    3340 bytes (20.4% Full)
(.text + .data + .bootloader)

Data:         17 bytes (1.7% Full)
(.data + .bss + .noinit)


Finished building: sizedummy
 

17:20:53 Build Finished. 0 errors, 1 warnings. (took 1s.752ms)

