20:29:14 **** Build of configuration Debug for project mychallenge ****
make all 
Building file: ../my.c
Invoking: AVR Compiler
avr-gcc -Wall -g2 -gstabs -O0 -fpack-struct -fshort-enums -ffunction-sections -fdata-sections -std=gnu99 -funsigned-char -funsigned-bitfields -mmcu=atmega16 -DF_CPU=1000000UL -MMD -MP -MF"my.d" -MT"my.o" -c -o "my.o" "../my.c"
In file included from ../my.c:10:
c:/winavr-20100110/lib/gcc/../../avr/include/util/delay.h:90:3: warning: #warning "Compiler optimizations disabled; functions from <util/delay.h> won't work as designed"
Finished building: ../my.c
 
Building target: mychallenge.elf
Invoking: AVR C Linker
avr-gcc -Wl,-Map,mychallenge.map -mmcu=atmega16 -o "mychallenge.elf"  ./my.o   
Finished building target: mychallenge.elf
 
Invoking: AVR Create Extended Listing
avr-objdump -h -S mychallenge.elf  >"mychallenge.lss"
Finished building: mychallenge.lss
 
Invoking: Print Size
avr-size --format=avr --mcu=atmega16 mychallenge.elf
AVR Memory Usage
----------------
Device: atmega16

Program:    3398 bytes (20.7% Full)
(.text + .data + .bootloader)

Data:         16 bytes (1.6% Full)
(.data + .bss + .noinit)


Finished building: sizedummy
 
