16:42:04 **** Incremental Build of configuration Debug for project chall ****
make all 
Building file: ../chall.c
Invoking: AVR Compiler
avr-gcc -Wall -g2 -gstabs -O0 -fpack-struct -fshort-enums -ffunction-sections -fdata-sections -std=gnu99 -funsigned-char -funsigned-bitfields -mmcu=atmega16 -DF_CPU=1000000UL -MMD -MP -MF"chall.d" -MT"chall.o" -c -o "chall.o" "../chall.c"
In file included from ../chall.c:10:
c:/winavr-20100110/lib/gcc/../../avr/include/util/delay.h:90:3: warning: #warning "Compiler optimizations disabled; functions from <util/delay.h> won't work as designed"
Finished building: ../chall.c
 
Building target: chall.elf
Invoking: AVR C Linker
avr-gcc -Wl,-Map,chall.map -mmcu=atmega16 -o "chall.elf"  ./chall.o   
Finished building target: chall.elf
 
Invoking: AVR Create Extended Listing
avr-objdump -h -S chall.elf  >"chall.lss"
Finished building: chall.lss
 
Invoking: Print Size
avr-size --format=avr --mcu=atmega16 chall.elf
AVR Memory Usage
----------------
Device: atmega16

Program:    3292 bytes (20.1% Full)
(.text + .data + .bootloader)

Data:          8 bytes (0.8% Full)
(.data + .bss + .noinit)


Finished building: sizedummy
 

16:42:05 Build Finished. 0 errors, 1 warnings. (took 1s.355ms)

