12:08:31 **** Build of configuration Debug for project Challenge2 ****
make all 
Building file: ../Challenge2.c
Invoking: AVR Compiler
avr-gcc -Wall -g2 -gstabs -O0 -fpack-struct -fshort-enums -ffunction-sections -fdata-sections -std=gnu99 -funsigned-char -funsigned-bitfields -mmcu=atmega16 -DF_CPU=8000000UL -MMD -MP -MF"Challenge2.d" -MT"Challenge2.d" -c -o "Challenge2.o" "../Challenge2.c"
In file included from ../Challenge2.c:9:
c:/winavr-20100110/lib/gcc/../../avr/include/util/delay.h:90:3: warning: #warning "Compiler optimizations disabled; functions from <util/delay.h> won't work as designed"
Finished building: ../Challenge2.c
 
Building target: Challenge2.elf
Invoking: AVR C Linker
avr-gcc -Wl,-Map,Challenge2.map -mmcu=atmega16 -o "Challenge2.elf"  ./Challenge2.o   
Finished building target: Challenge2.elf
 
Invoking: AVR Create Extended Listing
avr-objdump -h -S Challenge2.elf  >"Challenge2.lss"
Finished building: Challenge2.lss
 
Invoking: Print Size
avr-size --format=avr --mcu=atmega16 Challenge2.elf
AVR Memory Usage
----------------
Device: atmega16

Program:     184 bytes (1.1% Full)
(.text + .data + .bootloader)

Data:          0 bytes (0.0% Full)
(.data + .bss + .noinit)


Finished building: sizedummy
 

12:08:32 Build Finished (took 730ms)

