05:45:48 **** Incremental Build of configuration Debug for project human_detection_robot ****
make all 
Building file: ../hum_det.c
Invoking: AVR Compiler
avr-gcc -Wall -g2 -gstabs -O0 -fpack-struct -fshort-enums -ffunction-sections -fdata-sections -std=gnu99 -funsigned-char -funsigned-bitfields -mmcu=atmega16 -DF_CPU=1000000UL -MMD -MP -MF"hum_det.d" -MT"hum_det.o" -c -o "hum_det.o" "../hum_det.c"
In file included from ../micro_config.h:22,
                 from ../uart.h:16,
                 from ../hum_det.c:9:
c:/winavr-20100110/lib/gcc/../../avr/include/util/delay.h:90:3: warning: #warning "Compiler optimizations disabled; functions from <util/delay.h> won't work as designed"
Finished building: ../hum_det.c
 
Building target: human_detection_robot.elf
Invoking: AVR C Linker
avr-gcc -Wl,-Map,human_detection_robot.map -mmcu=atmega16 -o "human_detection_robot.elf"  ./hum_det.o ./uart.o   
Finished building target: human_detection_robot.elf
 
Invoking: AVR Create Extended Listing
avr-objdump -h -S human_detection_robot.elf  >"human_detection_robot.lss"
Finished building: human_detection_robot.lss
 
Invoking: Print Size
avr-size --format=avr --mcu=atmega16 human_detection_robot.elf
AVR Memory Usage
----------------
Device: atmega16

Program:    1182 bytes (7.2% Full)
(.text + .data + .bootloader)

Data:          0 bytes (0.0% Full)
(.data + .bss + .noinit)


Finished building: sizedummy
 
