06:09:25 **** Incremental Build of configuration Debug for project Stop_watch ****
make all 
Building file: ../prj.c
Invoking: AVR Compiler
avr-gcc -Wall -g2 -gstabs -O0 -fpack-struct -fshort-enums -ffunction-sections -fdata-sections -std=gnu99 -funsigned-char -funsigned-bitfields -mmcu=atmega16 -DF_CPU=1000000UL -MMD -MP -MF"prj.d" -MT"prj.o" -c -o "prj.o" "../prj.c"
In file included from ../prj.c:9:
c:/winavr-20100110/lib/gcc/../../avr/include/util/delay.h:90:3: warning: #warning "Compiler optimizations disabled; functions from <util/delay.h> won't work as designed"
Finished building: ../prj.c
 
Building target: Stop_watch.elf
Invoking: AVR C Linker
avr-gcc -Wl,-Map,Stop_watch.map -mmcu=atmega16 -o "Stop_watch.elf"  ./prj.o   
Finished building target: Stop_watch.elf
 
Invoking: AVR Create Extended Listing
avr-objdump -h -S Stop_watch.elf  >"Stop_watch.lss"
Finished building: Stop_watch.lss
 
Invoking: Print Size
avr-size --format=avr --mcu=atmega16 Stop_watch.elf
AVR Memory Usage
----------------
Device: atmega16

Program:    5074 bytes (31.0% Full)
(.text + .data + .bootloader)

Data:         12 bytes (1.2% Full)
(.data + .bss + .noinit)


Finished building: sizedummy
 

06:09:26 Build Finished. 0 errors, 1 warnings. (took 1s.145ms)

