10:52:19 **** Incremental Build of configuration Debug for project project2 ****
make all 
Building file: ../adc.c
Invoking: AVR Compiler
avr-gcc -Wall -g2 -gstabs -O0 -fpack-struct -fshort-enums -ffunction-sections -fdata-sections -std=gnu99 -funsigned-char -funsigned-bitfields -mmcu=atmega16 -DF_CPU=1000000UL -MMD -MP -MF"adc.d" -MT"adc.o" -c -o "adc.o" "../adc.c"
In file included from ../micro_config.h:22,
                 from ../adc.h:16,
                 from ../adc.c:13:
c:/winavr-20100110/lib/gcc/../../avr/include/util/delay.h:90:3: warning: #warning "Compiler optimizations disabled; functions from <util/delay.h> won't work as designed"
Finished building: ../adc.c
 
Building file: ../lcd.c
Invoking: AVR Compiler
avr-gcc -Wall -g2 -gstabs -O0 -fpack-struct -fshort-enums -ffunction-sections -fdata-sections -std=gnu99 -funsigned-char -funsigned-bitfields -mmcu=atmega16 -DF_CPU=1000000UL -MMD -MP -MF"lcd.d" -MT"lcd.o" -c -o "lcd.o" "../lcd.c"
In file included from ../micro_config.h:22,
                 from ../lcd.h:18,
                 from ../lcd.c:13:
c:/winavr-20100110/lib/gcc/../../avr/include/util/delay.h:90:3: warning: #warning "Compiler optimizations disabled; functions from <util/delay.h> won't work as designed"
../lcd.c: In function 'LCD_intgerToString':
../lcd.c:107: warning: implicit declaration of function 'itoa'
Finished building: ../lcd.c
 
Building file: ../project2.c
Invoking: AVR Compiler
avr-gcc -Wall -g2 -gstabs -O0 -fpack-struct -fshort-enums -ffunction-sections -fdata-sections -std=gnu99 -funsigned-char -funsigned-bitfields -mmcu=atmega16 -DF_CPU=1000000UL -MMD -MP -MF"project2.d" -MT"project2.o" -c -o "project2.o" "../project2.c"
In file included from ../micro_config.h:22,
                 from ../adc.h:16,
                 from ../project2.c:7:
c:/winavr-20100110/lib/gcc/../../avr/include/util/delay.h:90:3: warning: #warning "Compiler optimizations disabled; functions from <util/delay.h> won't work as designed"
Finished building: ../project2.c
 
Building target: project2.elf
Invoking: AVR C Linker
avr-gcc -Wl,-Map,project2.map -mmcu=atmega16 -o "project2.elf"  ./adc.o ./lcd.o ./project2.o   
Finished building target: project2.elf
 
Invoking: AVR Create Extended Listing
avr-objdump -h -S project2.elf  >"project2.lss"
Finished building: project2.lss
 
Invoking: Print Size
avr-size --format=avr --mcu=atmega16 project2.elf
AVR Memory Usage
----------------
Device: atmega16

Program:    5894 bytes (36.0% Full)
(.text + .data + .bootloader)

Data:         22 bytes (2.1% Full)
(.data + .bss + .noinit)


Finished building: sizedummy
 
