23:47:37 **** Incremental Build of configuration Debug for project mini project 2 ****
make all 
Building file: ../adc.c
Invoking: AVR Compiler
avr-gcc -Wall -g2 -gstabs -O0 -fpack-struct -fshort-enums -ffunction-sections -fdata-sections -std=gnu99 -funsigned-char -funsigned-bitfields -mmcu=atmega16 -DF_CPU=1000000UL -MMD -MP -MF"adc.d" -MT"adc.o" -c -o "adc.o" "../adc.c"
In file included from ../micro_config.h:22,
                 from ../adc.h:16,
                 from ../adc.c:13:
c:/winavr-20100110/lib/gcc/../../avr/include/util/delay.h:90:3: warning: #warning "Compiler optimizations disabled; functions from <util/delay.h> won't work as designed"
Finished building: ../adc.c
 
Building file: ../lcd.c
Invoking: AVR Compiler
avr-gcc -Wall -g2 -gstabs -O0 -fpack-struct -fshort-enums -ffunction-sections -fdata-sections -std=gnu99 -funsigned-char -funsigned-bitfields -mmcu=atmega16 -DF_CPU=1000000UL -MMD -MP -MF"lcd.d" -MT"lcd.o" -c -o "lcd.o" "../lcd.c"
In file included from ../micro_config.h:22,
                 from ../lcd.h:18,
                 from ../lcd.c:13:
c:/winavr-20100110/lib/gcc/../../avr/include/util/delay.h:90:3: warning: #warning "Compiler optimizations disabled; functions from <util/delay.h> won't work as designed"
../lcd.c: In function 'LCD_intgerToString':
../lcd.c:107: warning: implicit declaration of function 'itoa'
Finished building: ../lcd.c
 
Building file: ../mini.c
Invoking: AVR Compiler
avr-gcc -Wall -g2 -gstabs -O0 -fpack-struct -fshort-enums -ffunction-sections -fdata-sections -std=gnu99 -funsigned-char -funsigned-bitfields -mmcu=atmega16 -DF_CPU=1000000UL -MMD -MP -MF"mini.d" -MT"mini.o" -c -o "mini.o" "../mini.c"
In file included from ../micro_config.h:22,
                 from ../adc.h:16,
                 from ../mini.c:8:
c:/winavr-20100110/lib/gcc/../../avr/include/util/delay.h:90:3: warning: #warning "Compiler optimizations disabled; functions from <util/delay.h> won't work as designed"
Finished building: ../mini.c
 
Building target: mini project 2.elf
Invoking: AVR C Linker
avr-gcc -Wl,-Map,mini project 2.map -mmcu=atmega16 -o "mini project 2.elf"  ./adc.o ./lcd.o ./mini.o   
avr-gcc.exe: project: No such file or directory
avr-gcc.exe: 2.map: No such file or directory
make: *** [mini project 2.elf] Error 1

23:47:38 Build Failed. 1 errors, 4 warnings. (took 898ms)

